<?xml version="1.0" encoding="UTF-8"?>
<testsuite xmlns:xsi="http://www.w3.org/2001/XMLSchema-instance" xsi:noNamespaceSchemaLocation="https://maven.apache.org/surefire/maven-surefire-plugin/xsd/surefire-test-report-3.0.xsd" version="3.0" name="com.mycompany.demoproj.CancelReservationControllerTest" time="0.049" tests="3" errors="0" skipped="0" failures="0">
  <properties>
[...]
</properties>
  <testcase name="testCancelation_false" classname="com.mycompany.demoproj.CancelReservationControllerTest" time="0.024">
    <system-out><![CDATA[cancelation_false
Failed to cancel reservation.
cancelation not succesul, test passed
]]></system-out>
  </testcase>
  <testcase name="testInitialize" classname="com.mycompany.demoproj.CancelReservationControllerTest" time="0.002">
    <system-out><![CDATA[initialize
]]></system-out>
  </testcase>
  <testcase name="testCancelation_true" classname="com.mycompany.demoproj.CancelReservationControllerTest" time="0.002">
    <system-out><![CDATA[cancelation_true
Reservation cancelled successfully.
cancelation succesful, test passed
]]></system-out>
  </testcase>
</testsuite>